2026-06-21 14:40:46,795 - root - INFO - Connexion réussie : admin@gmail.com
2026-06-21 14:43:17,465 - root - INFO - Connexion réussie : admin@gmail.com
2026-06-21 14:46:41,012 - root - INFO - Déconnexion : admin@gmail.com
2026-06-21 14:46:50,859 - root - INFO - L'utilisateur a quitté le programme.
2026-06-21 14:54:41,415 - root - INFO - Connexion réussie : admin@gmail.com
2026-06-21 15:08:45,737 - root - INFO - Connexion réussie : admin@gmail.com
2026-06-22 11:48:31,724 - root - WARNING - Tentative de connexion échouée : admin@gmail.com
2026-06-22 11:50:11,408 - root - WARNING - Tentative de connexion échouée : 21
2026-06-22 12:46:30,328 - root - WARNING - Tentative de connexion échouée : 2
2026-06-22 12:46:51,663 - root - WARNING - Tentative de connexion échouée : admail@gmail.com
2026-06-22 12:47:08,485 - root - WARNING - Tentative de connexion échouée : admail@gmail.com
2026-06-22 12:47:50,964 - root - INFO - Connexion réussie : admin@gmail.com
2026-06-22 13:56:22,500 - root - INFO - Connexion réussie : admin@gmail.com
2026-06-22 13:57:50,217 - root - INFO - Connexion réussie : admin@gmail.com
2026-06-22 14:05:45,326 - root - WARNING - Tentative de connexion échouée : 
2026-06-22 14:06:01,098 - root - INFO - Connexion réussie : admin@gmail.com
2026-06-22 14:09:33,624 - root - INFO - Connexion réussie : admin@gmail.com
2026-06-22 14:09:38,514 - root - INFO - Déconnexion : admin@gmail.com
2026-06-22 14:15:19,193 - root - INFO - Connexion réussie : admin@gmail.com
2026-06-22 14:17:11,122 - root - INFO - Connexion réussie : admin@gmail.com
2026-06-22 14:25:31,811 - root - INFO - Connexion réussie : admin@gmail.com
2026-06-22 14:57:16,389 - root - INFO - Connexion réussie : admin@gmail.com
